<?xml version="1.0" encoding="UTF-8"?>
<testng-results ignored="0" total="1" passed="1" failed="0" skipped="0">
  <reporter-output>
  </reporter-output>
  <suite started-at="2022-12-04T07:22:45Z" name="Default suite" finished-at="2022-12-04T07:22:47Z" duration-ms="2028">
    <groups>
    </groups>
    <test started-at="2022-12-04T07:22:45Z" name="Default test" finished-at="2022-12-04T07:22:47Z" duration-ms="2028">
      <class name="restAPI.PostRequestWithFile">
        <test-method signature="test1()[pri:0, instance:restAPI.PostRequestWithFile@5965be2d]" started-at="2022-12-04T07:22:45Z" name="test1" finished-at="2022-12-04T07:22:47Z" duration-ms="1977" status="PASS">
          <reporter-output>
          </reporter-output>
        </test-method> <!-- test1 -->
      </class> <!-- restAPI.PostRequestWithFile -->
    </test> <!-- Default test -->
  </suite> <!-- Default suite -->
</testng-results>
